0 info it worked if it ends with ok
1 verbose cli [ 'node', '/usr/local/bin/npm', 'install', '.' ]
2 info using npm@1.2.32
3 info using node@v0.10.12
4 verbose read json /Users/kyle/projects/node_demo/urlrar/package.json
5 warn package.json mocha-demo@0.0.1 No repository field.
6 warn package.json mocha-demo@0.0.1 No readme data.
7 verbose readDependencies using package.json deps
8 verbose install where, deps [ '/Users/kyle/projects/node_demo/urlrar',
8 verbose install   [ 'mocha',
8 verbose install     'jscover',
8 verbose install     'supertest',
8 verbose install     'should',
8 verbose install     'express',
8 verbose install     'mm',
8 verbose install     'pasre' ] ]
9 verbose from cache /Users/kyle/projects/node_demo/urlrar/package.json
10 info preinstall mocha-demo@0.0.1
11 verbose read json /Users/kyle/projects/node_demo/urlrar/node_modules/express/package.json
12 verbose read json /Users/kyle/projects/node_demo/urlrar/node_modules/jscover/package.json
13 verbose read json /Users/kyle/projects/node_demo/urlrar/node_modules/mm/package.json
14 verbose read json /Users/kyle/projects/node_demo/urlrar/node_modules/mocha/package.json
15 verbose read json /Users/kyle/projects/node_demo/urlrar/node_modules/should/package.json
16 verbose read json /Users/kyle/projects/node_demo/urlrar/node_modules/supertest/package.json
17 warn package.json supertest@0.5.1 No repository field.
18 verbose from cache /Users/kyle/projects/node_demo/urlrar/package.json
19 verbose readDependencies using package.json deps
20 verbose from cache /Users/kyle/projects/node_demo/urlrar/node_modules/express/package.json
21 verbose from cache /Users/kyle/projects/node_demo/urlrar/node_modules/jscover/package.json
22 verbose from cache /Users/kyle/projects/node_demo/urlrar/node_modules/mm/package.json
23 verbose from cache /Users/kyle/projects/node_demo/urlrar/node_modules/mocha/package.json
24 verbose from cache /Users/kyle/projects/node_demo/urlrar/node_modules/should/package.json
25 verbose from cache /Users/kyle/projects/node_demo/urlrar/node_modules/supertest/package.json
26 verbose already installed skipping supertest@* /Users/kyle/projects/node_demo/urlrar
27 verbose already installed skipping should@* /Users/kyle/projects/node_demo/urlrar
28 verbose already installed skipping express@* /Users/kyle/projects/node_demo/urlrar
29 verbose already installed skipping mm@* /Users/kyle/projects/node_demo/urlrar
30 verbose already installed skipping mocha@* /Users/kyle/projects/node_demo/urlrar
31 verbose cache add [ 'pasre@*', null ]
32 verbose cache add name=undefined spec="pasre@*" args=["pasre@*",null]
33 verbose parsed url { protocol: null,
33 verbose parsed url   slashes: null,
33 verbose parsed url   auth: null,
33 verbose parsed url   host: null,
33 verbose parsed url   port: null,
33 verbose parsed url   hostname: null,
33 verbose parsed url   hash: null,
33 verbose parsed url   search: null,
33 verbose parsed url   query: null,
33 verbose parsed url   pathname: 'pasre@*',
33 verbose parsed url   path: 'pasre@*',
33 verbose parsed url   href: 'pasre@*' }
34 verbose cache add name="pasre" spec="*" args=["pasre","*"]
35 verbose parsed url { protocol: null,
35 verbose parsed url   slashes: null,
35 verbose parsed url   auth: null,
35 verbose parsed url   host: null,
35 verbose parsed url   port: null,
35 verbose parsed url   hostname: null,
35 verbose parsed url   hash: null,
35 verbose parsed url   search: null,
35 verbose parsed url   query: null,
35 verbose parsed url   pathname: '*',
35 verbose parsed url   path: '*',
35 verbose parsed url   href: '*' }
36 verbose addNamed [ 'pasre', '*' ]
37 verbose addNamed [ null, '' ]
38 verbose already installed skipping jscover@* /Users/kyle/projects/node_demo/urlrar
39 silly lockFile c80fb16e-pasre pasre@*
40 verbose lock pasre@* /Users/kyle/.npm/c80fb16e-pasre.lock
41 silly addNameRange { name: 'pasre', range: '', hasData: false }
42 verbose url raw pasre
43 verbose url resolving [ 'https://registry.npmjs.org/', './pasre' ]
44 verbose url resolved https://registry.npmjs.org/pasre
45 info trying registry request attempt 1 at 21:36:43
46 http GET https://registry.npmjs.org/pasre
47 http 404 https://registry.npmjs.org/pasre
48 silly registry.get cb [ 404,
48 silly registry.get   { server: 'CouchDB/1.3.0 (Erlang OTP/R15B03)',
48 silly registry.get     date: 'Sun, 28 Jul 2013 13:36:44 GMT',
48 silly registry.get     'content-type': 'application/json',
48 silly registry.get     'content-length': '52',
48 silly registry.get     'cache-control': 'must-revalidate' } ]
49 silly lockFile c80fb16e-pasre pasre@*
50 silly lockFile c80fb16e-pasre pasre@*
51 error 404 'pasre' is not in the npm registry.
51 error 404 You should bug the author to publish it
51 error 404
51 error 404 Note that you can also install from a
51 error 404 tarball, folder, or http url, or git url.
52 error System Darwin 12.4.0
53 error command "node" "/usr/local/bin/npm" "install" "."
54 error cwd /Users/kyle/projects/node_demo/urlrar
55 error node -v v0.10.12
56 error npm -v 1.2.32
57 error code E404
58 verbose exit [ 1, true ]
